#-----------------------------------------------------------
# Vivado v2018.1 (64-bit)
# SW Build 2188600 on Wed Apr  4 18:40:38 MDT 2018
# IP Build 2185939 on Wed Apr  4 20:55:05 MDT 2018
# Start of session at: Thu Jun  1 15:00:50 2023
# Process ID: 6892
# Current directory: C:/Users/zgnhz/Desktop/graduatedesign/third_version
# Command line: vivado.exe -gui_launcher_event rodinguilauncherevent3676 C:\Users\zgnhz\Desktop\graduatedesign\third_version\third_version.xpr
# Log file: C:/Users/zgnhz/Desktop/graduatedesign/third_version/vivado.log
# Journal file: C:/Users/zgnhz/Desktop/graduatedesign/third_version\vivado.jou
#-----------------------------------------------------------
start_gui
open_project C:/Users/zgnhz/Desktop/graduatedesign/third_version/third_version.xpr
Scanning sources...
Finished scanning sources
INFO: [IP_Flow 19-234] Refreshing IP repositories
INFO: [IP_Flow 19-1700] Loaded user IP repository 'c:/Users/zgnhz/Desktop/graduatedesign/first_version/ax7020/repo'.
INFO: [IP_Flow 19-2313] Loaded Vivado IP repository 'D:/Xilinx/Vivado/2018.1/data/ip'.
open_project: Time (s): cpu = 00:00:33 ; elapsed = 00:00:23 . Memory (MB): peak = 1008.547 ; gain = 258.422
update_compile_order -fileset sources_1
INFO: [Vivado 12-4158] Exported Hardware file is out of date. Exported hardware information may be inconsistent with respect to the current state of the design. It is recommended that you re-export the design and launch SDK otherwise SDK is launched with out of date hardware system file.
launch_sdk -workspace C:/Users/zgnhz/Desktop/graduatedesign/third_version/third_version.sdk -hwspec C:/Users/zgnhz/Desktop/graduatedesign/third_version/third_version.sdk/design_1_wrapper.hdf
INFO: [Vivado 12-393] Launching SDK...
INFO: [Vivado 12-417] Running xsdk -workspace C:/Users/zgnhz/Desktop/graduatedesign/third_version/third_version.sdk -hwspec C:/Users/zgnhz/Desktop/graduatedesign/third_version/third_version.sdk/design_1_wrapper.hdf
INFO: [Vivado 12-3157] SDK launch initiated. Please check console for any further messages.
exit
INFO: [Common 17-206] Exiting Vivado at Thu Jun  1 15:29:44 2023...
