#-----------------------------------------------------------
# Vivado v2018.1 (64-bit)
# SW Build 2188600 on Wed Apr  4 18:40:38 MDT 2018
# IP Build 2185939 on Wed Apr  4 20:55:05 MDT 2018
# Start of session at: Sat Jan  6 20:28:34 2024
# Process ID: 4308
# Current directory: D:/本科毕设/graduatedesign/third_version
# Command line: vivado.exe -gui_launcher_event rodinguilauncherevent15352 D:\本科毕设\graduatedesign\third_version\third_version.xpr
# Log file: D:/本科毕设/graduatedesign/third_version/vivado.log
# Journal file: D:/本科毕设/graduatedesign/third_version\vivado.jou
#-----------------------------------------------------------
start_gui
open_project D:/本科毕设/graduatedesign/third_version/third_version.xpr
INFO: [Project 1-313] Project file moved from 'C:/Users/zgnhz/Desktop/graduatedesign/third_version' since last save.
Scanning sources...
Finished scanning sources
INFO: [IP_Flow 19-234] Refreshing IP repositories
INFO: [IP_Flow 19-1700] Loaded user IP repository 'd:/本科毕设/graduatedesign/first_version/ax7020/repo'.
INFO: [IP_Flow 19-2313] Loaded Vivado IP repository 'D:/Xilinx/Vivado/2018.1/data/ip'.
open_project: Time (s): cpu = 00:00:32 ; elapsed = 00:00:20 . Memory (MB): peak = 1015.379 ; gain = 297.332uupdate_compile_order -fileset sources_1Iexit
INFO: [Common 17-206] Exiting Vivado at Sat Jan  6 20:43:32 2024...
dware information may be inconsistent with respect to the current state of the design. It is recommended that you re-export the design and launch SDK otherwise SDK is launched with out of date hardware system file.
launch_sdk -workspace D:/本科毕设/graduatedesign/third_version/third_version.sdk -hwspec D:/本科毕设/graduatedesign/third_version/third_version.sdk/design_1_wrapper.hdf
INFO: [Vivado 12-393] Launching SDK...
INFO: [Vivado 12-417] Running xsdk -workspace D:/本科毕设/graduatedesign/third_version/third_version.sdk -hwspec D:/本科毕设/graduatedesign/third_version/third_version.sdk/design_1_wrapper.hdf
INFO: [Vivado 12-3157] SDK launch initiated. Please check console for any further messages.
exit
INFO: [Common 17-206] Exiting Vivado at Sat Jan  6 20:31:22 2024...
