#-----------------------------------------------------------
# Vivado v2018.1 (64-bit)
# SW Build 2188600 on Wed Apr  4 18:40:38 MDT 2018
# IP Build 2185939 on Wed Apr  4 20:55:05 MDT 2018
# Start of session at: Tue May 16 13:46:27 2023
# Process ID: 2872
# Current directory: C:/Users/zgnhz/Desktop/graduatedesign/third_version/third_version.tmp/dds_v1_0_project
# Command line: vivado.exe -gui_launcher_event rodinguilauncherevent17860 C:\Users\zgnhz\Desktop\graduatedesign\third_version\third_version.tmp\dds_v1_0_project\DDS_v1_0_project.xpr
# Log file: C:/Users/zgnhz/Desktop/graduatedesign/third_version/third_version.tmp/dds_v1_0_project/vivado.log
# Journal file: C:/Users/zgnhz/Desktop/graduatedesign/third_version/third_version.tmp/dds_v1_0_project\vivado.jou
#-----------------------------------------------------------
start_gui
open_project C:/Users/zgnhz/Desktop/graduatedesign/third_version/third_version.tmp/dds_v1_0_project/DDS_v1_0_project.xpr
INFO: [ProjectBase 1-489] The host OS only allows 260 characters in a normal path. The project is stored in a path with more than 80 characters. If you experience issues with IP, Block Designs, or files not being found, please consider moving the project to a location with a shorter path. Alternately consider using the OS subst command to map part of the path to a drive letter.
Current project path is 'C:/Users/zgnhz/Desktop/graduatedesign/third_version/third_version.tmp/dds_v1_0_project'
Scanning sources...
Finished scanning sources
INFO: [IP_Flow 19-234] Refreshing IP repositories
INFO: [IP_Flow 19-1700] Loaded user IP repository 'c:/Users/zgnhz/Desktop/graduatedesign/first_version/ax7020/repo'.
INFO: [IP_Flow 19-2313] Loaded Vivado IP repository 'D:/Xilinx/Vivado/2018.1/data/ip'.
open_project: Time (s): cpu = 00:00:15 ; elapsed = 00:00:08 . Memory (MB): peak = 875.551 ; gain = 121.562
update_compile_order -fileset sources_1
exit
INFO: [Common 17-206] Exiting Vivado at Tue May 16 14:02:38 2023...
